
Allison Norman

Mike Scott

Allison Norman

Glenn Downing

Allison Norman

Allison Norman

Allison Norman

Allison Norman
Mike Scott
Robert Dickerson

Glenn Downing

Glenn Downing

Gordon Novak

Glenn Downing

Glenn Downing

Allison Norman

Allison Norman

Glenn Downing

Allison Norman

Glenn Downing

Mike Scott

Mike Scott

Mike Scott

Mike Scott

Glenn Downing

Allison Norman

Allison Norman
Mike Scott

Glenn Downing

Allison Norman

Mike Scott

Glenn Downing
Allison Norman

Mike Scott

Allison Norman

Glenn Downing

Allison Norman
Mike Scott

Glenn Downing

Glenn Downing

Glenn Downing
Robert Dickerson
Gordon Novak

Glenn Downing

Glenn Downing

Glenn Downing

Allison Norman

Allison Norman
Mike Scott

Glenn Downing

Glenn Downing

Allison Norman

Glenn Downing

Glenn Downing
Allison Norman

Glenn Downing
Mike Scott

Glenn Downing
Allison Norman

Glenn Downing
Robert Dickerson

Allison Norman

Glenn Downing

Glenn Downing

Glenn Downing

Robert Dickerson

Allison Norman

Glenn Downing
Allison Norman
Mike Scott

Mike Scott

Glenn Downing

Mike Scott

Allison Norman

Glenn Downing

Allison Norman

Allison Norman

Gordon Novak

Glenn Downing
Allison Norman
Mike Scott

Glenn Downing

Glenn Downing
Mike Scott
Gordon Novak

Glenn Downing

Mike Scott

Mike Scott

Gordon Novak

Glenn Downing

Gordon Novak

Glenn Downing

Glenn Downing

Glenn Downing
Robert Dickerson

Glenn Downing

Mike Scott

Robert Dickerson

Glenn Downing

Glenn Downing
Mike Scott
Robert Dickerson
Gordon Novak

Allison Norman

Glenn Downing

Mike Scott

Allison Norman

Glenn Downing
Mike Scott

Glenn Downing

Glenn Downing

Glenn Downing

Glenn Downing
Allison Norman

Glenn Downing

Robert Dickerson

Glenn Downing

Glenn Downing

Glenn Downing

Glenn Downing

Robert Dickerson

Allison Norman

Glenn Downing

Glenn Downing
